#
# A fatal error has been detected by the Java Runtime Environment:
#
#  EXCEPTION_ACCESS_VIOLATION (0xc0000005) at pc=0x00000000723ac750, pid=4548, tid=8684
#
# JRE version: 6.0_17-b04
# Java VM: Java HotSpot(TM) 64-Bit Server VM (14.3-b01 mixed mode windows-amd64 )
# Problematic frame:
# C  0x00000000723ac750
#
# If you would like to submit a bug report, please visit:
#   http://java.sun.com/webapps/bugreport/crash.jsp
# The crash happened outside the Java Virtual Machine in native code.
# See problematic frame for where to report the bug.
#

---------------  T H R E A D  ---------------

Current thread (0x00000000772ed800):  JavaThread "AWT-EventQueue-0" [_thread_in_native, id=8684, stack(0x00000000a3ff0000,0x00000000a7ff0000)]

siginfo: ExceptionCode=0xc0000005, reading address 0x0000000000000008

Registers:
EAX=0x000000000000000d, EBX=0x00000000772ed9b8, ECX=0x0000000000000000, EDX=0x000000003c0121a6
ESP=0x00000000a7fee948, EBP=0x00000000770dcb10, ESI=0x00000000772ed9b8, EDI=0x000000007e2e1f20
EIP=0x00000000723ac750, EFLAGS=0x0000000000010202

Top of Stack: (sp=0x00000000a7fee948)
0x00000000a7fee948:   000000007235589c 00000000772ed9b8
0x00000000a7fee958:   00000000770dcb10 00000000772ed9b8
0x00000000a7fee968:   000000007e2e1f20 0000000000000000
0x00000000a7fee978:   00000000772ed9b8 000000002f94c5b8
0x00000000a7fee988:   0000000072333810 00000000772ed9b8
0x00000000a7fee998:   00000000a7fef040 00000000a7fef018
0x00000000a7fee9a8:   00000000770dcb10 000000003697af18
0x00000000a7fee9b8:   0000000072352151 0000000035bb9820
0x00000000a7fee9c8:   00000000a7fef020 0000000000000000
0x00000000a7fee9d8:   00000000a7fef018 0000000000000000
0x00000000a7fee9e8:   0000000000000014 0000000000000010
0x00000000a7fee9f8:   0000000000000018 000000000000001c
0x00000000a7feea08:   0000000100000000 0000000036a0e850
0x00000000a7feea18:   000000004077b8d8 0000000035d3d448
0x00000000a7feea28:   000000004075ea20 0000000000000900
0x00000000a7feea38:   0000000000000000 000000002e39f438 

Instructions: (pc=0x00000000723ac750)
0x00000000723ac740:   48 8b 41 08 48 8b 80 18 0c 00 00 c3 cc cc cc cc
0x00000000723ac750:   48 8b 49 08 48 85 c9 74 05 e9 72 f6 fd ff 33 c0 


Stack: [0x00000000a3ff0000,0x00000000a7ff0000],  sp=0x00000000a7fee948,  free space=65530k
Native frames: (J=compiled Java code, j=interpreted, Vv=VM code, C=native code)
C  0x00000000723ac750

Java frames: (J=compiled Java code, j=interpreted, Vv=VM code)
J  sun.java2d.windows.GDIBlitLoops.nativeBlit(Lsun/java2d/SurfaceData;Lsun/java2d/SurfaceData;Lsun/java2d/pipe/Region;IIIIIIIIIZ)V
J  sun.java2d.windows.GDIBlitLoops.Blit(Lsun/java2d/SurfaceData;Lsun/java2d/SurfaceData;Ljava/awt/Composite;Lsun/java2d/pipe/Region;IIIIII)V
J  sun.java2d.pipe.DrawImage.copyImage(Lsun/java2d/SunGraphics2D;Ljava/awt/Image;IILjava/awt/Color;Ljava/awt/image/ImageObserver;)Z
J  javax.swing.RepaintManager$PaintManager.paintDoubleBuffered(Ljavax/swing/JComponent;Ljava/awt/Image;Ljava/awt/Graphics;IIII)V
J  javax.swing.RepaintManager$PaintManager.paint(Ljavax/swing/JComponent;Ljavax/swing/JComponent;Ljava/awt/Graphics;IIII)Z
j  javax.swing.RepaintManager.paint(Ljavax/swing/JComponent;Ljavax/swing/JComponent;Ljava/awt/Graphics;IIII)V+52
J  javax.swing.JComponent.paint(Ljava/awt/Graphics;)V
j  java.awt.GraphicsCallback$PaintCallback.run(Ljava/awt/Component;Ljava/awt/Graphics;)V+2
j  sun.awt.SunGraphicsCallback.runOneComponent(Ljava/awt/Component;Ljava/awt/Rectangle;Ljava/awt/Graphics;Ljava/awt/Shape;I)V+155
j  sun.awt.SunGraphicsCallback.runComponents([Ljava/awt/Component;Ljava/awt/Graphics;I)V+104
j  java.awt.Container.paint(Ljava/awt/Graphics;)V+73
J  javax.swing.RepaintManager.paintDirtyRegions(Ljava/util/Map;)V
J  javax.swing.SystemEventQueueUtilities$ComponentWorkRequest.run()V
J  java.awt.EventDispatchThread.pumpOneEventForFilters(I)Z
J  java.awt.EventDispatchThread.pumpEventsForFilter(ILjava/awt/Conditional;Ljava/awt/EventFilter;)V
j  java.awt.EventDispatchThread.pumpEventsForHierarchy(ILjava/awt/Conditional;Ljava/awt/Component;)V+11
j  java.awt.EventDispatchThread.pumpEvents(ILjava/awt/Conditional;)V+4
j  java.awt.EventDispatchThread.pumpEvents(Ljava/awt/Conditional;)V+3
j  java.awt.EventDispatchThread.run()V+9
v  ~StubRoutines::call_stub

---------------  P R O C E S S  ---------------

Java Threads: ( => current thread )
  0x000000007e6ef000 JavaThread "Code Analyzer updating thread" [_thread_blocked, id=8528, stack(0x0000000194330000,0x0000000198330000)]
  0x000000007e6ec000 JavaThread "Code Analyzer updating thread" [_thread_blocked, id=9740, stack(0x000000014c030000,0x0000000150030000)]
  0x000000007e6e6000 JavaThread "Code Analyzer updating thread" [_thread_blocked, id=9756, stack(0x00000000d3e70000,0x00000000d7e70000)]
  0x000000007e6e5800 JavaThread "Browser Events Thread" daemon [_thread_blocked, id=8444, stack(0x00000000ecf00000,0x00000000f0f00000)]
  0x000000007e6e8800 JavaThread "Main message loop" daemon [_thread_in_native, id=8452, stack(0x0000000140030000,0x0000000144030000)]
  0x000000007e6ea000 JavaThread "pool-2-thread-1" [_thread_blocked, id=204, stack(0x0000000158030000,0x000000015c030000)]
  0x000000007e6e3800 JavaThread "Code Analyzer updating thread" [_thread_blocked, id=6288, stack(0x000000009bff0000,0x000000009fff0000)]
  0x000000007e6e2000 JavaThread "RecordlistTable Timer" daemon [_thread_blocked, id=608, stack(0x0000000014f40000,0x0000000018f40000)]
  0x000000007e6e4000 JavaThread "Foxtrot Multi Worker Thread Runner #1" daemon [_thread_blocked, id=8932, stack(0x00000002891c0000,0x000000028d1c0000)]
  0x000000007e6ed800 JavaThread "pool-7-thread-1" [_thread_blocked, id=8708, stack(0x00000000e0f00000,0x00000000e4f00000)]
  0x000000007e6e7800 JavaThread "Prefs Updater" daemon [_thread_blocked, id=2452, stack(0x00000000fcf00000,0x0000000100f00000)]
  0x000000007e6ea800 JavaThread "Timer-2" daemon [_thread_blocked, id=8824, stack(0x0000000119ed0000,0x000000011ded0000)]
  0x000000007e6e9000 JavaThread "com.jniwrapper.NativeResourceCollector" daemon [_thread_blocked, id=3040, stack(0x0000000109ed0000,0x000000010ded0000)]
  0x000000007e6eb800 JavaThread "Swing-Shell" daemon [_thread_blocked, id=8916, stack(0x000000010ded0000,0x0000000111ed0000)]
  0x000000007e6e2800 JavaThread "Active Reference Queue Daemon" daemon [_thread_blocked, id=1300, stack(0x00000000e8f00000,0x00000000ecf00000)]
  0x000000007e6e5000 JavaThread "Timer-1" daemon [_thread_blocked, id=8856, stack(0x00000000e4f00000,0x00000000e8f00000)]
  0x0000000077598800 JavaThread "ClipboardMonitor Timer" daemon [_thread_blocked, id=8780, stack(0x00000000dcf00000,0x00000000e0f00000)]
  0x0000000077598000 JavaThread "Explorer NavigationContext request queue" daemon [_thread_blocked, id=8784, stack(0x00000000d8f00000,0x00000000dcf00000)]
  0x0000000077597000 JavaThread "AddressBar directory emptiness poller" daemon [_thread_blocked, id=8796, stack(0x00000000ccf00000,0x00000000d0f00000)]
  0x0000000077593800 JavaThread "Explorer Refresh Service 1300779144" daemon [_thread_blocked, id=8816, stack(0x00000000c8f00000,0x00000000ccf00000)]
  0x0000000077596800 JavaThread "Thread-4" daemon [_thread_blocked, id=8828, stack(0x00000000c3f30000,0x00000000c7f30000)]
  0x0000000077593000 JavaThread "TimerQueue" daemon [_thread_blocked, id=8896, stack(0x00000000bbff0000,0x00000000bfff0000)]
  0x0000000077595800 JavaThread "Thread-3" daemon [_thread_blocked, id=5500, stack(0x00000000a7ff0000,0x00000000abff0000)]
  0x0000000077595000 JavaThread "FelixPackageAdmin" daemon [_thread_blocked, id=8216, stack(0x00000000b3ff0000,0x00000000b7ff0000)]
  0x00000000732dc800 JavaThread "FelixStartLevel" daemon [_thread_blocked, id=8208, stack(0x00000000afff0000,0x00000000b3ff0000)]
  0x0000000077547000 JavaThread "FelixDispatchQueue" daemon [_thread_blocked, id=8768, stack(0x00000000abff0000,0x00000000afff0000)]
=>0x00000000772ed800 JavaThread "AWT-EventQueue-0" [_thread_in_native, id=8684, stack(0x00000000a3ff0000,0x00000000a7ff0000)]
  0x0000000077269000 JavaThread "com.google.common.base.internal.Finalizer" daemon [_thread_blocked, id=1400, stack(0x000000009fff0000,0x00000000a3ff0000)]
  0x0000000077261800 JavaThread "AWT-Windows" daemon [_thread_in_native, id=4672, stack(0x0000000097ff0000,0x000000009bff0000)]
  0x0000000077261000 JavaThread "AWT-Shutdown" [_thread_blocked, id=5304, stack(0x0000000093ff0000,0x0000000097ff0000)]
  0x0000000077260800 JavaThread "Java2D Disposer" daemon [_thread_blocked, id=4388, stack(0x000000008fff0000,0x0000000093ff0000)]
  0x0000000076d23000 JavaThread "Timer-0" [_thread_blocked, id=5936, stack(0x000000008bff0000,0x000000008fff0000)]
  0x0000000076c70800 JavaThread "EventMgr Dispatcher" daemon [_thread_in_native, id=4092, stack(0x0000000087ff0000,0x000000008bff0000)]
  0x000000005a129000 JavaThread "Low Memory Detector" daemon [_thread_blocked, id=3236, stack(0x000000007fff0000,0x0000000083ff0000)]
  0x000000005a0f7800 JavaThread "CompilerThread1" daemon [_thread_blocked, id=8648, stack(0x000000006e220000,0x0000000072220000)]
  0x000000005a0f1800 JavaThread "CompilerThread0" daemon [_thread_blocked, id=8668, stack(0x000000006a220000,0x000000006e220000)]
  0x000000005a124000 JavaThread "Attach Listener" daemon [_thread_blocked, id=8656, stack(0x0000000066220000,0x000000006a220000)]
  0x000000002aa9f000 JavaThread "Finalizer" daemon [_thread_blocked, id=8672, stack(0x0000000062220000,0x0000000066220000)]
  0x000000005a0e6000 JavaThread "Reference Handler" daemon [_thread_blocked, id=8652, stack(0x000000005e220000,0x0000000062220000)]
  0x000000002a9c2800 JavaThread "main" [_thread_blocked, id=4580, stack(0x0000000000040000,0x0000000004040000)]

Other Threads:
  0x000000005a0e1800 VMThread [stack: 0x000000005a220000,0x000000005e220000] [id=8664]
  0x000000005a147800 WatcherThread [stack: 0x0000000083ff0000,0x0000000087ff0000] [id=4260]

VM state:not at safepoint (normal execution)

VM Mutex/Monitor currently owned by a thread: None

Heap
 PSYoungGen      total 26752K, used 25978K [0x000000003ee70000, 0x0000000041330000, 0x0000000041f70000)
  eden space 26624K, 97% used [0x000000003ee70000,0x00000000407aea38,0x0000000040870000)
  from space 128K, 100% used [0x0000000041310000,0x0000000041330000,0x0000000041330000)
  to   space 384K, 0% used [0x0000000041270000,0x0000000041270000,0x00000000412d0000)
 PSOldGen        total 150528K, used 148711K [0x0000000035b70000, 0x000000003ee70000, 0x000000003ee70000)
  object space 150528K, 98% used [0x0000000035b70000,0x000000003eca9c30,0x000000003ee70000)
 PSPermGen       total 117248K, used 88198K [0x000000002db70000, 0x0000000034df0000, 0x0000000035b70000)
  object space 117248K, 75% used [0x000000002db70000,0x0000000033191bd8,0x0000000034df0000)

Dynamic libraries:
0x0000000140000000 - 0x0000000140028000 	C:\Program Files\MATLAB\R2013a\bin\win64\MATLAB.exe
0x00007ffee46a0000 - 0x00007ffee484c000 	C:\WINDOWS\SYSTEM32\ntdll.dll
0x00007ffee1d20000 - 0x00007ffee1e5e000 	C:\WINDOWS\system32\KERNEL32.DLL
0x00007ffee1af0000 - 0x00007ffee1c05000 	C:\WINDOWS\system32\KERNELBASE.dll
0x0000000074460000 - 0x0000000074515000 	C:\Program Files\MATLAB\R2013a\bin\win64\libut.dll
0x0000000073f70000 - 0x0000000074112000 	C:\Program Files\MATLAB\R2013a\bin\win64\libmwfl.dll
0x0000000180000000 - 0x000000018032f000 	C:\Program Files\MATLAB\R2013a\bin\win64\libmwservices.dll
0x0000000074970000 - 0x0000000074a18000 	C:\Program Files\MATLAB\R2013a\bin\win64\mcr.dll
0x0000000004300000 - 0x0000000004456000 	C:\Program Files\MATLAB\R2013a\bin\win64\mvm.dll
0x0000000075b50000 - 0x0000000075be8000 	C:\Program Files\MATLAB\R2013a\bin\win64\MSVCP100.dll
0x0000000075a70000 - 0x0000000075b42000 	C:\Program Files\MATLAB\R2013a\bin\win64\MSVCR100.dll
0x00000000758a0000 - 0x000000007595f000 	C:\Program Files\MATLAB\R2013a\bin\win64\libmwi18n.dll
0x0000000004130000 - 0x0000000004151000 	C:\Program Files\MATLAB\R2013a\bin\win64\libmwmfl_scalar.dll
0x0000000075a60000 - 0x0000000075a69000 	C:\Program Files\MATLAB\R2013a\bin\win64\boost_system-vc100-mt-1_49.dll
0x0000000075a40000 - 0x0000000075a51000 	C:\Program Files\MATLAB\R2013a\bin\win64\boost_thread-vc100-mt-1_49.dll
0x00007ffed1400000 - 0x00007ffed148c000 	C:\Program Files\MATLAB\R2013a\bin\win64\boost_log-vc100-mt-1_49.dll
0x0000000004460000 - 0x000000000459e000 	C:\Program Files\MATLAB\R2013a\bin\win64\icuuc49.dll
0x0000000000020000 - 0x0000000000030000 	C:\Program Files\MATLAB\R2013a\bin\win64\icuio49.dll
0x00007ffed5410000 - 0x00007ffed5443000 	C:\Program Files\MATLAB\R2013a\bin\win64\tbb.dll
0x00007ffee2640000 - 0x00007ffee2647000 	C:\WINDOWS\system32\PSAPI.DLL
0x00007ffece1f0000 - 0x00007ffece37a000 	C:\WINDOWS\SYSTEM32\dbghelp.dll
0x00007ffee1e60000 - 0x00007ffee1f0a000 	C:\WINDOWS\system32\ADVAPI32.dll
0x00007ffee2dc0000 - 0x00007ffee2f37000 	C:\WINDOWS\system32\USER32.dll
0x0000000004160000 - 0x000000000416d000 	C:\Program Files\MATLAB\R2013a\bin\win64\libmwresource_core.dll
0x000000007a350000 - 0x000000007a737000 	C:\Program Files\MATLAB\R2013a\bin\win64\libmwMATLAB_res.dll
0x0000000004170000 - 0x000000000417e000 	C:\Program Files\MATLAB\R2013a\bin\win64\boost_date_time-vc100-mt-1_49.dll
0x0000000004180000 - 0x00000000041ac000 	C:\Program Files\MATLAB\R2013a\bin\win64\boost_filesystem-vc100-mt-1_49.dll
0x00000000045a0000 - 0x000000000467f000 	C:\Program Files\MATLAB\R2013a\bin\win64\boost_regex-vc100-mt-1_49.dll
0x00000000757b0000 - 0x00000000757c1000 	C:\Program Files\MATLAB\R2013a\bin\win64\boost_signals-vc100-mt-1_49.dll
0x00007ffee24e0000 - 0x00007ffee24f6000 	C:\WINDOWS\system32\imagehlp.dll
0x00007ffee0e40000 - 0x00007ffee0e86000 	C:\WINDOWS\SYSTEM32\POWRPROF.dll
0x0000000004680000 - 0x000000000476b000 	C:\Program Files\MATLAB\R2013a\bin\win64\libmx.dll
0x00000000041b0000 - 0x00000000041fe000 	C:\Program Files\MATLAB\R2013a\bin\win64\libmwregexp.dll
0x0000000075f10000 - 0x0000000075f57000 	C:\Program Files\MATLAB\R2013a\bin\win64\mpath.dll
0x000000007b680000 - 0x000000007bc66000 	C:\Program Files\MATLAB\R2013a\bin\win64\mlutil.dll
0x0000000004770000 - 0x0000000004792000 	C:\Program Files\MATLAB\R2013a\bin\win64\libmwMATLAB_settings_res.dll
0x00000000047a0000 - 0x00000000047a6000 	C:\Program Files\MATLAB\R2013a\bin\win64\libmwnativedisplay.dll
0x00007ffed7100000 - 0x00007ffed7110000 	C:\Program Files\MATLAB\R2013a\bin\win64\boost_iostreams-vc100-mt-1_49.dll
0x00007ffed1d40000 - 0x00007ffed1d86000 	C:\Program Files\MATLAB\R2013a\bin\win64\boost_serialization-vc100-mt-1_49.dll
0x00007ffedf250000 - 0x00007ffedf2f4000 	C:\WINDOWS\WinSxS\amd64_microsoft.windows.common-controls_6595b64144ccf1df_5.82.9600.17415_none_34aa3313958e7a52\COMCTL32.dll
0x00007ffee2500000 - 0x00007ffee25b6000 	C:\WINDOWS\system32\COMDLG32.dll
0x00007ffede8c0000 - 0x00007ffede8d6000 	C:\WINDOWS\SYSTEM32\NETAPI32.dll
0x00007ffee2690000 - 0x00007ffee26ea000 	C:\WINDOWS\system32\WS2_32.dll
0x0000000075560000 - 0x00000000757a1000 	C:\Program Files\MATLAB\R2013a\bin\win64\xerces-c_2_7.dll
0x00007ffee2f40000 - 0x00007ffee4458000 	C:\WINDOWS\system32\SHELL32.dll
0x00007ffee2850000 - 0x00007ffee29e4000 	C:\WINDOWS\system32\ole32.dll
0x00007ffee29f0000 - 0x00007ffee2ab1000 	C:\WINDOWS\system32\OLEAUT32.dll
0x0000000075000000 - 0x00000000753b1000 	C:\Program Files\MATLAB\R2013a\bin\win64\iqm.dll
0x0000000079fb0000 - 0x0000000079fdf000 	C:\Program Files\MATLAB\R2013a\bin\win64\libmwbridge.dll
0x00000000047b0000 - 0x00000000047d4000 	C:\Program Files\MATLAB\R2013a\bin\win64\libmex.dll
0x0000000074e80000 - 0x0000000074f30000 	C:\Program Files\MATLAB\R2013a\bin\win64\m_dispatcher.dll
0x000000007b0a0000 - 0x000000007b2f6000 	C:\Program Files\MATLAB\R2013a\bin\win64\mcos.dll
0x0000000073cc0000 - 0x0000000073e0e000 	C:\Program Files\MATLAB\R2013a\bin\win64\libmwgui.dll
0x00000000047e0000 - 0x0000000005123000 	C:\Program Files\MATLAB\R2013a\bin\win64\hg.dll
0x0000000005130000 - 0x000000000521b000 	C:\Program Files\MATLAB\R2013a\bin\win64\hgutils.dll
0x0000000005220000 - 0x0000000005a28000 	C:\Program Files\MATLAB\R2013a\bin\win64\m_interpreter.dll
0x0000000005a30000 - 0x0000000005af8000 	C:\Program Files\MATLAB\R2013a\bin\win64\jmi.dll
0x0000000005b00000 - 0x0000000005bae000 	C:\Program Files\MATLAB\R2013a\bin\win64\udd_mi.dll
0x0000000005bb0000 - 0x0000000005e7e000 	C:\Program Files\MATLAB\R2013a\bin\win64\uiw.dll
0x000000007a1f0000 - 0x000000007a20d000 	C:\Program Files\MATLAB\R2013a\bin\win64\mwoles05.DLL
0x0000000005e80000 - 0x0000000005eec000 	C:\Program Files\MATLAB\R2013a\bin\win64\comcli.dll
0x0000000005ef0000 - 0x0000000005efc000 	C:\Program Files\MATLAB\R2013a\bin\win64\mlautoregister.dll
0x00007ffee26f0000 - 0x00007ffee2841000 	C:\WINDOWS\system32\GDI32.dll
0x0000000075530000 - 0x0000000075555000 	C:\Program Files\MATLAB\R2013a\bin\win64\LIBEXPAT.dll
0x0000000005f00000 - 0x000000000608a000 	C:\Program Files\MATLAB\R2013a\bin\win64\icuin49.dll
0x00000000060a0000 - 0x00000000071c2000 	C:\Program Files\MATLAB\R2013a\bin\win64\icudt49.dll
0x00007ffee2370000 - 0x00007ffee241a000 	C:\WINDOWS\system32\msvcrt.dll
0x00007ffee4630000 - 0x00007ffee4689000 	C:\WINDOWS\SYSTEM32\sechost.dll
0x00007ffee2c70000 - 0x00007ffee2db1000 	C:\WINDOWS\system32\RPCRT4.dll
0x00007ffed5090000 - 0x00007ffed50b8000 	C:\Program Files\MATLAB\R2013a\bin\win64\tbbmalloc.dll
0x0000000074250000 - 0x0000000074267000 	C:\Program Files\MATLAB\R2013a\bin\win64\zlib1.dll
0x00000000071e0000 - 0x0000000007257000 	C:\Program Files\MATLAB\R2013a\bin\win64\xmlcore.dll
0x00007ffee45d0000 - 0x00007ffee4624000 	C:\WINDOWS\system32\SHLWAPI.dll
0x00007ffee0ab0000 - 0x00007ffee0abc000 	C:\WINDOWS\SYSTEM32\netutils.dll
0x00007ffee14a0000 - 0x00007ffee14c6000 	C:\WINDOWS\SYSTEM32\srvcli.dll
0x00007ffede530000 - 0x00007ffede547000 	C:\WINDOWS\SYSTEM32\wkscli.dll
0x00007ffee4690000 - 0x00007ffee4699000 	C:\WINDOWS\system32\NSI.dll
0x00007ffee2150000 - 0x00007ffee2361000 	C:\WINDOWS\SYSTEM32\combase.dll
0x0000000074f40000 - 0x0000000074ff6000 	C:\Program Files\MATLAB\R2013a\bin\win64\udd.dll
0x0000000007270000 - 0x0000000007294000 	C:\Program Files\MATLAB\R2013a\bin\win64\graphics_util.dll
0x0000000076100000 - 0x000000007615a000 	C:\Program Files\MATLAB\R2013a\bin\win64\libmat.dll
0x00000000761c0000 - 0x0000000076200000 	C:\Program Files\MATLAB\R2013a\bin\win64\libmwhardcopy.dll
0x0000000075c70000 - 0x0000000075cce000 	C:\Program Files\MATLAB\R2013a\bin\win64\libuij.dll
0x0000000072f50000 - 0x000000007318f000 	C:\Program Files\MATLAB\R2013a\bin\win64\hgdatatypes.dll
0x0000000075820000 - 0x000000007589e000 	C:\Program Files\MATLAB\R2013a\bin\win64\libmwlapack.dll
0x00000000072a0000 - 0x00000000072d6000 	C:\Program Files\MATLAB\R2013a\bin\win64\libmwgbtutils.dll
0x00000000072e0000 - 0x00000000072f4000 	C:\Program Files\MATLAB\R2013a\bin\win64\libmwgbt.dll
0x0000000007300000 - 0x000000000785d000 	C:\Program Files\MATLAB\R2013a\bin\win64\mfc100.dll
0x00007ffedf370000 - 0x00007ffedf3f2000 	C:\WINDOWS\SYSTEM32\WINSPOOL.DRV
0x0000000075430000 - 0x00000000754ab000 	C:\Program Files\MATLAB\R2013a\bin\win64\profiler.dll
0x0000000007860000 - 0x0000000007ae3000 	C:\Program Files\MATLAB\R2013a\bin\win64\libmwmathutil.dll
0x0000000079f40000 - 0x0000000079f66000 	C:\Program Files\MATLAB\R2013a\bin\win64\libmwmathrng.dll
0x000000007a1b0000 - 0x000000007a1d0000 	C:\Program Files\MATLAB\R2013a\bin\win64\m_pcodeio.dll
0x0000000079b10000 - 0x0000000079b6c000 	C:\Program Files\MATLAB\R2013a\bin\win64\m_ir.dll
0x0000000078ed0000 - 0x0000000079579000 	C:\Program Files\MATLAB\R2013a\bin\win64\m_parser.dll
0x000000007a130000 - 0x000000007a158000 	C:\Program Files\MATLAB\R2013a\bin\win64\m_pcodegen.dll
0x0000000007af0000 - 0x0000000007b53000 	C:\Program Files\MATLAB\R2013a\bin\win64\libmwspmatrix.dll
0x0000000007b60000 - 0x0000000007b6e000 	C:\Program Files\MATLAB\R2013a\bin\win64\nativejava_services.dll
0x0000000007b70000 - 0x0000000007b79000 	C:\Program Files\MATLAB\R2013a\bin\win64\uinone.dll
0x0000000007b80000 - 0x0000000007ba6000 	C:\Program Files\MATLAB\R2013a\bin\win64\libmwnativefiledialogs.dll
0x00007ffed4f10000 - 0x00007ffed4f2e000 	C:\WINDOWS\SYSTEM32\MPR.dll
0x0000000007bb0000 - 0x0000000007bdb000 	C:\Program Files\MATLAB\R2013a\bin\win64\ATL100.DLL
0x00007ffec6b10000 - 0x00007ffec6bc8000 	C:\Program Files\MATLAB\R2013a\bin\win64\libtex_base.dll
0x0000000072d30000 - 0x0000000072f38000 	C:\Program Files\MATLAB\R2013a\bin\win64\hdf5dll.dll
0x000000007a310000 - 0x000000007a325000 	C:\Program Files\MATLAB\R2013a\bin\win64\libmwbinder.dll
0x0000000007c00000 - 0x0000000007c0b000 	C:\Program Files\MATLAB\R2013a\bin\win64\libmwompwrapper.dll
0x00007ffedf6a0000 - 0x00007ffedf6a7000 	C:\WINDOWS\SYSTEM32\MSIMG32.dll
0x0000000007c10000 - 0x0000000007c20000 	C:\Program Files\MATLAB\R2013a\bin\win64\libmwmfl_rng.dll
0x0000000074c10000 - 0x0000000074cf8000 	C:\Program Files\MATLAB\R2013a\bin\win64\libmwmathcore.dll
0x000000007a2f0000 - 0x000000007a307000 	C:\Program Files\MATLAB\R2013a\bin\win64\ir_xfmr.dll
0x0000000007c20000 - 0x0000000007c30000 	C:\Program Files\MATLAB\R2013a\bin\win64\mtok.dll
0x0000000007c30000 - 0x0000000007c3c000 	C:\Program Files\MATLAB\R2013a\bin\win64\libmwplatform_res.dll
0x00007ffee01a0000 - 0x00007ffee0252000 	C:\WINDOWS\SYSTEM32\SHCORE.DLL
0x0000000075ea0000 - 0x0000000075f02000 	C:\Program Files\MATLAB\R2013a\bin\win64\libmwcholmod.dll
0x0000000007c60000 - 0x0000000007c6d000 	C:\Program Files\MATLAB\R2013a\bin\win64\libmwamd.dll
0x0000000007c70000 - 0x0000000007c7c000 	C:\Program Files\MATLAB\R2013a\bin\win64\libmwcolamd.dll
0x000000007a290000 - 0x000000007a2a3000 	C:\Program Files\MATLAB\R2013a\bin\win64\libmwblas.dll
0x0000000076780000 - 0x0000000076823000 	C:\WINDOWS\WinSxS\amd64_microsoft.vc90.crt_1fc8b3b9a1e18e3b_9.0.30729.8387_none_08e793bfa83a89b5\MSVCR90.dll
0x00007ffee2650000 - 0x00007ffee2686000 	C:\WINDOWS\system32\IMM32.DLL
0x00007ffee4470000 - 0x00007ffee45c3000 	C:\WINDOWS\system32\MSCTF.dll
0x00007ffee0460000 - 0x00007ffee0589000 	C:\WINDOWS\SYSTEM32\UxTheme.dll
0x00007ffedf670000 - 0x00007ffedf691000 	C:\WINDOWS\system32\dwmapi.dll
0x0000000073cb0000 - 0x0000000073cbd000 	C:\Program Files\MATLAB\R2013a\bin\win64\MFC100ENU.DLL
0x0000000009920000 - 0x000000000996e000 	C:\Program Files\MATLAB\R2013a\bin\win64\MVMLocal.dll
0x000000000a240000 - 0x000000000a28e000 	C:\Program Files (x86)\Babylon\Babylon-Pro\Captlib64.dll
0x00007ffedf300000 - 0x00007ffedf36a000 	C:\WINDOWS\SYSTEM32\OLEACC.dll
0x00007ffedb430000 - 0x00007ffedb678000 	C:\WINDOWS\SYSTEM32\WININET.dll
0x00007ffedb160000 - 0x00007ffedb427000 	C:\WINDOWS\SYSTEM32\iertutil.dll

VM Arguments:
jvm_args: -XX:PermSize=32m -Xms64m -XX:NewRatio=3 -XX:MaxPermSize=128m -Xmx196m -XX:MaxDirectMemorySize=2147400000 -Dsun.java2d.noddraw=true -Dsun.awt.nopixfmt=true -Xshare:off -Xrs -Dsun.awt.disableMixing=true -Djava.library.path=C:\Program Files\MATLAB\R2013a\bin\win64;C:\Program Files\MATLAB\R2013a\sys\jxbrowser\win64\lib vfprintf abort -XX:ParallelGCThreads=6 
java_command: <unknown>
Launcher Type: generic

Environment Variables:
PATH=C:\ProgramData\Oracle\Java\javapath;C:\Program Files (x86)\Intel\iCLS Client\;C:\Program Files\Intel\iCLS Client\;C:\WINDOWS\system32;C:\WINDOWS;C:\WINDOWS\System32\Wbem;C:\WINDOWS\System32\WindowsPowerShell\v1.0\;C:\Program Files\Intel\Intel(R) Management Engine Components\DAL;C:\Program Files\Intel\Intel(R) Management Engine Components\IPT;C:\Program Files (x86)\Intel\Intel(R) Management Engine Components\DAL;C:\Program Files (x86)\Intel\Intel(R) Management Engine Components\IPT;C:\Program Files (x86)\Intel\OpenCL SDK\3.0\bin\x86;C:\Program Files (x86)\Intel\OpenCL SDK\3.0\bin\x64;C:\Program Files\Lenovo\Fingerprint Manager Pro\;C:\ProgramData\Lenovo\ReadyApps;C:\Program Files\Intel\WiFi\bin\;C:\Program Files\Common Files\Intel\WirelessCommon\;C:\Program Files\MATLAB\R2013a\runtime\win64;C:\Program Files\MATLAB\R2013a\bin;C:\Program Files (x86)\Windows Kits\8.1\Windows Performance Toolkit\;C:\Program Files\Microsoft SQL Server\110\Tools\Binn\;C:\Program Files (x86)\Microsoft SDKs\TypeScript\1.0\;C:\Anaconda;C:\Anaconda\Scripts;C:\Program Files (x86)\Common Files\Acronis\SnapAPI\;C:\Program Files\Intel\WiFi\bin\;C:\Program Files\Common Files\Intel\WirelessCommon\
USERNAME=user
OS=Windows_NT
PROCESSOR_IDENTIFIER=Intel64 Family 6 Model 60 Stepping 3, GenuineIntel



---------------  S Y S T E M  ---------------

OS: Windows NT 6.2 Build 9200 

CPU:total 8 (8 cores per cpu, 2 threads per core) family 6 model 60 stepping 3, cmov, cx8, fxsr, mmx, sse, sse2, sse3, ssse3, sse4.1, sse4.2, ht

Memory: 4k page, physical 16653800k(11804340k free), swap 19226088k(12474484k free)

vm_info: Java HotSpot(TM) 64-Bit Server VM (14.3-b01) for windows-amd64 JRE (1.6.0_17-b04), built on Oct 11 2009 00:46:08 by "java_re" with MS VC++ 8.0

time: Mon Feb 02 02:16:12 2015
elapsed time: 42731 seconds

